<?xml version="1.0" encoding="UTF-8"?>
<testng-results skipped="0" failed="2" ignored="0" total="11" passed="9">
  <reporter-output>
  </reporter-output>
  <suite name="Suite" duration-ms="14932" started-at="2021-06-11T05:35:53 EDT" finished-at="2021-06-11T05:36:08 EDT">
    <groups>
    </groups>
    <test name="Admin Tests" duration-ms="14932" started-at="2021-06-11T05:35:53 EDT" finished-at="2021-06-11T05:36:08 EDT">
      <class name="google.Tests.BasePageTest">
        <test-method status="PASS" signature="initializeTestBaseSetup(java.lang.String, java.lang.String)[pri:0, instance:google.Tests.BasePageTest@2781e022]" name="initializeTestBaseSetup" is-config="true" duration-ms="3087" started-at="2021-06-11T05:35:53 EDT" finished-at="2021-06-11T05:35:56 EDT">
          <params>
            <param index="0">
              <value>
                <![CDATA[chrome]]>
              </value>
            </param>
            <param index="1">
              <value>
                <![CDATA[https://google.com]]>
              </value>
            </param>
          </params>
          <reporter-output>
          </reporter-output>
        </test-method> <!-- initializeTestBaseSetup -->
        <test-method status="PASS" signature="setUp()[pri:0, instance:google.Tests.BasePageTest@2781e022]" name="setUp" is-config="true" duration-ms="0" started-at="2021-06-11T05:35:56 EDT" finished-at="2021-06-11T05:35:56 EDT">
          <reporter-output>
          </reporter-output>
        </test-method> <!-- setUp -->
        <test-method status="PASS" signature="setUp()[pri:0, instance:google.Tests.BasePageTest@2781e022]" name="setUp" is-config="true" duration-ms="0" started-at="2021-06-11T05:35:56 EDT" finished-at="2021-06-11T05:35:56 EDT">
          <reporter-output>
          </reporter-output>
        </test-method> <!-- setUp -->
        <test-method status="PASS" signature="verifyHomePage()[pri:1, instance:google.Tests.BasePageTest@2781e022]" name="verifyHomePage" duration-ms="116" started-at="2021-06-11T05:35:56 EDT" finished-at="2021-06-11T05:35:56 EDT">
          <reporter-output>
          </reporter-output>
        </test-method> <!-- verifyHomePage -->
        <test-method status="PASS" signature="setUp()[pri:0, instance:google.Tests.BasePageTest@2781e022]" name="setUp" is-config="true" duration-ms="0" started-at="2021-06-11T05:35:56 EDT" finished-at="2021-06-11T05:35:56 EDT">
          <reporter-output>
          </reporter-output>
        </test-method> <!-- setUp -->
        <test-method status="PASS" signature="baseTest1()[pri:2, instance:google.Tests.BasePageTest@2781e022]" name="baseTest1" duration-ms="5" started-at="2021-06-11T05:35:56 EDT" finished-at="2021-06-11T05:35:56 EDT">
          <reporter-output>
          </reporter-output>
        </test-method> <!-- baseTest1 -->
        <test-method status="PASS" signature="baseTest2()[pri:3, instance:google.Tests.BasePageTest@2781e022]" name="baseTest2" duration-ms="3007" started-at="2021-06-11T05:35:56 EDT" finished-at="2021-06-11T05:35:59 EDT">
          <reporter-output>
          </reporter-output>
        </test-method> <!-- baseTest2 -->
        <test-method status="PASS" signature="setUp()[pri:0, instance:google.Tests.BasePageTest@2781e022]" name="setUp" is-config="true" duration-ms="0" started-at="2021-06-11T05:35:56 EDT" finished-at="2021-06-11T05:35:56 EDT">
          <reporter-output>
          </reporter-output>
        </test-method> <!-- setUp -->
        <test-method status="PASS" signature="setUp()[pri:0, instance:google.Tests.BasePageTest@2781e022]" name="setUp" is-config="true" duration-ms="0" started-at="2021-06-11T05:35:59 EDT" finished-at="2021-06-11T05:35:59 EDT">
          <reporter-output>
          </reporter-output>
        </test-method> <!-- setUp -->
        <test-method status="PASS" signature="baseTest3()[pri:4, instance:google.Tests.BasePageTest@2781e022]" name="baseTest3" duration-ms="1" started-at="2021-06-11T05:35:59 EDT" finished-at="2021-06-11T05:35:59 EDT">
          <reporter-output>
          </reporter-output>
        </test-method> <!-- baseTest3 -->
        <test-method status="PASS" signature="tearDown()[pri:0, instance:google.Tests.BasePageTest@2781e022]" name="tearDown" is-config="true" duration-ms="84" started-at="2021-06-11T05:35:59 EDT" finished-at="2021-06-11T05:35:59 EDT">
          <reporter-output>
          </reporter-output>
        </test-method> <!-- tearDown -->
      </class> <!-- google.Tests.BasePageTest -->
      <class name="google.Tests.SignInPageTest">
        <test-method status="PASS" signature="initializeTestBaseSetup(java.lang.String, java.lang.String)[pri:0, instance:google.Tests.SignInPageTest@57e1b0c]" name="initializeTestBaseSetup" is-config="true" duration-ms="2058" started-at="2021-06-11T05:35:59 EDT" finished-at="2021-06-11T05:36:01 EDT">
          <params>
            <param index="0">
              <value>
                <![CDATA[chrome]]>
              </value>
            </param>
            <param index="1">
              <value>
                <![CDATA[https://google.com]]>
              </value>
            </param>
          </params>
          <reporter-output>
          </reporter-output>
        </test-method> <!-- initializeTestBaseSetup -->
        <test-method status="PASS" signature="setUp()[pri:0, instance:google.Tests.SignInPageTest@57e1b0c]" name="setUp" is-config="true" duration-ms="0" started-at="2021-06-11T05:36:01 EDT" finished-at="2021-06-11T05:36:01 EDT">
          <reporter-output>
          </reporter-output>
        </test-method> <!-- setUp -->
        <test-method status="FAIL" signature="verifySignInFunction()[pri:1, instance:google.Tests.SignInPageTest@57e1b0c]" name="verifySignInFunction" duration-ms="1044" started-at="2021-06-11T05:36:01 EDT" finished-at="2021-06-11T05:36:02 EDT">
          <exception class="org.openqa.selenium.NoSuchElementException">
            <message>
              <![CDATA[no such element: Unable to locate element: {"method":"css selector","selector":".hidden-small"}
  (Session info: chrome=91.0.4472.101)
For documentation on this error, please visit: https://www.seleniumhq.org/exceptions/no_such_element.html
Build info: version: '4.0.0-alpha-1', revision: 'd1d3728cae', time: '2019-04-24T13:42:21'
System info: host: 'SAJIDs-MBP.fios-router.home', ip: 'fe80:0:0:0:8cb:bbb5:7fd1:726e%en0', os.name: 'Mac OS X', os.arch: 'x86_64', os.version: '10.16', java.version: '1.8.0_192'
Driver info: org.openqa.selenium.chrome.ChromeDriver
Capabilities {acceptInsecureCerts: false, browserName: chrome, browserVersion: 91.0.4472.101, chrome: {chromedriverVersion: 91.0.4472.19 (1bf021f248676..., userDataDir: /var/folders/2s/579gzwbd6pz...}, goog:chromeOptions: {debuggerAddress: localhost:56611}, javascriptEnabled: true, networkConnectionEnabled: false, pageLoadStrategy: normal, platform: MAC, platformName: MAC, proxy: Proxy(), setWindowRect: true, strictFileInteractability: false, timeouts: {implicit: 0, pageLoad: 300000, script: 30000}, unhandledPromptBehavior: dismiss and notify, webauthn:extension:largeBlob: true, webauthn:virtualAuthenticators: true}
Session ID: ecfa4cb439056d39759253270ee0bf74
*** Element info: {Using=css selector, value=.hidden-small}]]>
            </message>
            <full-stacktrace>
              <![CDATA[org.openqa.selenium.NoSuchElementException: no such element: Unable to locate element: {"method":"css selector","selector":".hidden-small"}
  (Session info: chrome=91.0.4472.101)
For documentation on this error, please visit: https://www.seleniumhq.org/exceptions/no_such_element.html
Build info: version: '4.0.0-alpha-1', revision: 'd1d3728cae', time: '2019-04-24T13:42:21'
System info: host: 'SAJIDs-MBP.fios-router.home', ip: 'fe80:0:0:0:8cb:bbb5:7fd1:726e%en0', os.name: 'Mac OS X', os.arch: 'x86_64', os.version: '10.16', java.version: '1.8.0_192'
Driver info: org.openqa.selenium.chrome.ChromeDriver
Capabilities {acceptInsecureCerts: false, browserName: chrome, browserVersion: 91.0.4472.101, chrome: {chromedriverVersion: 91.0.4472.19 (1bf021f248676..., userDataDir: /var/folders/2s/579gzwbd6pz...}, goog:chromeOptions: {debuggerAddress: localhost:56611}, javascriptEnabled: true, networkConnectionEnabled: false, pageLoadStrategy: normal, platform: MAC, platformName: MAC, proxy: Proxy(), setWindowRect: true, strictFileInteractability: false, timeouts: {implicit: 0, pageLoad: 300000, script: 30000}, unhandledPromptBehavior: dismiss and notify, webauthn:extension:largeBlob: true, webauthn:virtualAuthenticators: true}
Session ID: ecfa4cb439056d39759253270ee0bf74
*** Element info: {Using=css selector, value=.hidden-small}
at sun.reflect.NativeConstructorAccessorImpl.newInstance0(Native Method)
at sun.reflect.NativeConstructorAccessorImpl.newInstance(NativeConstructorAccessorImpl.java:62)
at sun.reflect.DelegatingConstructorAccessorImpl.newInstance(DelegatingConstructorAccessorImpl.java:45)
at java.lang.reflect.Constructor.newInstance(Constructor.java:423)
at org.openqa.selenium.remote.codec.w3c.W3CHttpResponseCodec.createException(W3CHttpResponseCodec.java:190)
at org.openqa.selenium.remote.codec.w3c.W3CHttpResponseCodec.decode(W3CHttpResponseCodec.java:124)
at org.openqa.selenium.remote.codec.w3c.W3CHttpResponseCodec.decode(W3CHttpResponseCodec.java:51)
at org.openqa.selenium.remote.HttpCommandExecutor.execute(HttpCommandExecutor.java:161)
at org.openqa.selenium.remote.service.DriverCommandExecutor.execute(DriverCommandExecutor.java:83)
at org.openqa.selenium.remote.RemoteWebDriver.execute(RemoteWebDriver.java:577)
at org.openqa.selenium.remote.RemoteWebDriver.findElement(RemoteWebDriver.java:328)
at org.openqa.selenium.remote.RemoteWebDriver.findElementByCssSelector(RemoteWebDriver.java:436)
at org.openqa.selenium.By$ByCssSelector.findElement(By.java:431)
at org.openqa.selenium.remote.RemoteWebDriver.findElement(RemoteWebDriver.java:320)
at google.Pages.SignInPage.verifySignInPageText(SignInPage.java:33)
at google.Tests.SignInPageTest.verifySignInFunction(SignInPageTest.java:32)
at sun.reflect.NativeMethodAccessorImpl.invoke0(Native Method)
at sun.reflect.NativeMethodAccessorImpl.invoke(NativeMethodAccessorImpl.java:62)
at sun.reflect.DelegatingMethodAccessorImpl.invoke(DelegatingMethodAccessorImpl.java:43)
at java.lang.reflect.Method.invoke(Method.java:498)
at org.testng.internal.MethodInvocationHelper.invokeMethod(MethodInvocationHelper.java:132)
at org.testng.internal.TestInvoker.invokeMethod(TestInvoker.java:599)
at org.testng.internal.TestInvoker.invokeTestMethod(TestInvoker.java:174)
at org.testng.internal.MethodRunner.runInSequence(MethodRunner.java:46)
at org.testng.internal.TestInvoker$MethodInvocationAgent.invoke(TestInvoker.java:822)
at org.testng.internal.TestInvoker.invokeTestMethods(TestInvoker.java:147)
at org.testng.internal.TestMethodWorker.invokeTestMethods(TestMethodWorker.java:146)
at org.testng.internal.TestMethodWorker.run(TestMethodWorker.java:128)
at java.util.ArrayList.forEach(ArrayList.java:1257)
at org.testng.TestRunner.privateRun(TestRunner.java:764)
at org.testng.TestRunner.run(TestRunner.java:585)
at org.testng.SuiteRunner.runTest(SuiteRunner.java:384)
at org.testng.SuiteRunner.runSequentially(SuiteRunner.java:378)
at org.testng.SuiteRunner.privateRun(SuiteRunner.java:337)
at org.testng.SuiteRunner.run(SuiteRunner.java:286)
at org.testng.SuiteRunnerWorker.runSuite(SuiteRunnerWorker.java:53)
at org.testng.SuiteRunnerWorker.run(SuiteRunnerWorker.java:96)
at org.testng.TestNG.runSuitesSequentially(TestNG.java:1218)
at org.testng.TestNG.runSuitesLocally(TestNG.java:1140)
at org.testng.TestNG.runSuites(TestNG.java:1069)
at org.testng.TestNG.run(TestNG.java:1037)
at org.testng.remote.AbstractRemoteTestNG.run(AbstractRemoteTestNG.java:115)
at org.testng.remote.RemoteTestNG.initAndRun(RemoteTestNG.java:251)
at org.testng.remote.RemoteTestNG.main(RemoteTestNG.java:77)
]]>
            </full-stacktrace>
          </exception> <!-- org.openqa.selenium.NoSuchElementException -->
          <reporter-output>
          </reporter-output>
        </test-method> <!-- verifySignInFunction -->
        <test-method status="PASS" signature="setUp()[pri:0, instance:google.Tests.SignInPageTest@57e1b0c]" name="setUp" is-config="true" duration-ms="0" started-at="2021-06-11T05:36:01 EDT" finished-at="2021-06-11T05:36:01 EDT">
          <reporter-output>
          </reporter-output>
        </test-method> <!-- setUp -->
        <test-method status="PASS" signature="setUp()[pri:0, instance:google.Tests.SignInPageTest@57e1b0c]" name="setUp" is-config="true" duration-ms="0" started-at="2021-06-11T05:36:02 EDT" finished-at="2021-06-11T05:36:02 EDT">
          <reporter-output>
          </reporter-output>
        </test-method> <!-- setUp -->
        <test-method status="PASS" signature="SignInPageTestOne()[pri:2, instance:google.Tests.SignInPageTest@57e1b0c]" name="SignInPageTestOne" duration-ms="1" started-at="2021-06-11T05:36:02 EDT" finished-at="2021-06-11T05:36:02 EDT">
          <reporter-output>
          </reporter-output>
        </test-method> <!-- SignInPageTestOne -->
        <test-method status="PASS" signature="SignInPageTestTwo()[pri:3, instance:google.Tests.SignInPageTest@57e1b0c]" name="SignInPageTestTwo" duration-ms="1" started-at="2021-06-11T05:36:02 EDT" finished-at="2021-06-11T05:36:02 EDT">
          <reporter-output>
          </reporter-output>
        </test-method> <!-- SignInPageTestTwo -->
        <test-method status="PASS" signature="setUp()[pri:0, instance:google.Tests.SignInPageTest@57e1b0c]" name="setUp" is-config="true" duration-ms="0" started-at="2021-06-11T05:36:02 EDT" finished-at="2021-06-11T05:36:02 EDT">
          <reporter-output>
          </reporter-output>
        </test-method> <!-- setUp -->
        <test-method status="PASS" signature="SignInPageTestThree()[pri:4, instance:google.Tests.SignInPageTest@57e1b0c]" name="SignInPageTestThree" duration-ms="1" started-at="2021-06-11T05:36:02 EDT" finished-at="2021-06-11T05:36:02 EDT">
          <reporter-output>
          </reporter-output>
        </test-method> <!-- SignInPageTestThree -->
        <test-method status="PASS" signature="setUp()[pri:0, instance:google.Tests.SignInPageTest@57e1b0c]" name="setUp" is-config="true" duration-ms="0" started-at="2021-06-11T05:36:02 EDT" finished-at="2021-06-11T05:36:02 EDT">
          <reporter-output>
          </reporter-output>
        </test-method> <!-- setUp -->
        <test-method status="PASS" signature="tearDown()[pri:0, instance:google.Tests.SignInPageTest@57e1b0c]" name="tearDown" is-config="true" duration-ms="123" started-at="2021-06-11T05:36:02 EDT" finished-at="2021-06-11T05:36:02 EDT">
          <reporter-output>
          </reporter-output>
        </test-method> <!-- tearDown -->
      </class> <!-- google.Tests.SignInPageTest -->
      <class name="google.Tests.CreateAccountTest">
        <test-method status="PASS" signature="initializeTestBaseSetup(java.lang.String, java.lang.String)[pri:0, instance:google.Tests.CreateAccountTest@4232c52b]" name="initializeTestBaseSetup" is-config="true" duration-ms="2216" started-at="2021-06-11T05:36:02 EDT" finished-at="2021-06-11T05:36:05 EDT">
          <params>
            <param index="0">
              <value>
                <![CDATA[chrome]]>
              </value>
            </param>
            <param index="1">
              <value>
                <![CDATA[https://google.com]]>
              </value>
            </param>
          </params>
          <reporter-output>
          </reporter-output>
        </test-method> <!-- initializeTestBaseSetup -->
        <test-method status="PASS" signature="setUp()[pri:0, instance:google.Tests.CreateAccountTest@4232c52b]" name="setUp" is-config="true" duration-ms="0" started-at="2021-06-11T05:36:05 EDT" finished-at="2021-06-11T05:36:05 EDT">
          <reporter-output>
          </reporter-output>
        </test-method> <!-- setUp -->
        <test-method status="FAIL" signature="verifyCreateAnAccountPage()[pri:1, instance:google.Tests.CreateAccountTest@4232c52b]" name="verifyCreateAnAccountPage" duration-ms="975" started-at="2021-06-11T05:36:05 EDT" finished-at="2021-06-11T05:36:06 EDT">
          <exception class="org.openqa.selenium.NoSuchElementException">
            <message>
              <![CDATA[no such element: Unable to locate element: {"method":"css selector","selector":"#link\-signup"}
  (Session info: chrome=91.0.4472.101)
For documentation on this error, please visit: https://www.seleniumhq.org/exceptions/no_such_element.html
Build info: version: '4.0.0-alpha-1', revision: 'd1d3728cae', time: '2019-04-24T13:42:21'
System info: host: 'SAJIDs-MBP.fios-router.home', ip: 'fe80:0:0:0:8cb:bbb5:7fd1:726e%en0', os.name: 'Mac OS X', os.arch: 'x86_64', os.version: '10.16', java.version: '1.8.0_192'
Driver info: org.openqa.selenium.chrome.ChromeDriver
Capabilities {acceptInsecureCerts: false, browserName: chrome, browserVersion: 91.0.4472.101, chrome: {chromedriverVersion: 91.0.4472.19 (1bf021f248676..., userDataDir: /var/folders/2s/579gzwbd6pz...}, goog:chromeOptions: {debuggerAddress: localhost:56641}, javascriptEnabled: true, networkConnectionEnabled: false, pageLoadStrategy: normal, platform: MAC, platformName: MAC, proxy: Proxy(), setWindowRect: true, strictFileInteractability: false, timeouts: {implicit: 0, pageLoad: 300000, script: 30000}, unhandledPromptBehavior: dismiss and notify, webauthn:extension:largeBlob: true, webauthn:virtualAuthenticators: true}
Session ID: e4aba1592449bc5aaa66a0bf786f02d5
*** Element info: {Using=id, value=link-signup}]]>
            </message>
            <full-stacktrace>
              <![CDATA[org.openqa.selenium.NoSuchElementException: no such element: Unable to locate element: {"method":"css selector","selector":"#link\-signup"}
  (Session info: chrome=91.0.4472.101)
For documentation on this error, please visit: https://www.seleniumhq.org/exceptions/no_such_element.html
Build info: version: '4.0.0-alpha-1', revision: 'd1d3728cae', time: '2019-04-24T13:42:21'
System info: host: 'SAJIDs-MBP.fios-router.home', ip: 'fe80:0:0:0:8cb:bbb5:7fd1:726e%en0', os.name: 'Mac OS X', os.arch: 'x86_64', os.version: '10.16', java.version: '1.8.0_192'
Driver info: org.openqa.selenium.chrome.ChromeDriver
Capabilities {acceptInsecureCerts: false, browserName: chrome, browserVersion: 91.0.4472.101, chrome: {chromedriverVersion: 91.0.4472.19 (1bf021f248676..., userDataDir: /var/folders/2s/579gzwbd6pz...}, goog:chromeOptions: {debuggerAddress: localhost:56641}, javascriptEnabled: true, networkConnectionEnabled: false, pageLoadStrategy: normal, platform: MAC, platformName: MAC, proxy: Proxy(), setWindowRect: true, strictFileInteractability: false, timeouts: {implicit: 0, pageLoad: 300000, script: 30000}, unhandledPromptBehavior: dismiss and notify, webauthn:extension:largeBlob: true, webauthn:virtualAuthenticators: true}
Session ID: e4aba1592449bc5aaa66a0bf786f02d5
*** Element info: {Using=id, value=link-signup}
at sun.reflect.NativeConstructorAccessorImpl.newInstance0(Native Method)
at sun.reflect.NativeConstructorAccessorImpl.newInstance(NativeConstructorAccessorImpl.java:62)
at sun.reflect.DelegatingConstructorAccessorImpl.newInstance(DelegatingConstructorAccessorImpl.java:45)
at java.lang.reflect.Constructor.newInstance(Constructor.java:423)
at org.openqa.selenium.remote.codec.w3c.W3CHttpResponseCodec.createException(W3CHttpResponseCodec.java:190)
at org.openqa.selenium.remote.codec.w3c.W3CHttpResponseCodec.decode(W3CHttpResponseCodec.java:124)
at org.openqa.selenium.remote.codec.w3c.W3CHttpResponseCodec.decode(W3CHttpResponseCodec.java:51)
at org.openqa.selenium.remote.HttpCommandExecutor.execute(HttpCommandExecutor.java:161)
at org.openqa.selenium.remote.service.DriverCommandExecutor.execute(DriverCommandExecutor.java:83)
at org.openqa.selenium.remote.RemoteWebDriver.execute(RemoteWebDriver.java:577)
at org.openqa.selenium.remote.RemoteWebDriver.findElement(RemoteWebDriver.java:328)
at org.openqa.selenium.remote.RemoteWebDriver.findElementById(RemoteWebDriver.java:376)
at org.openqa.selenium.By$ById.findElement(By.java:188)
at org.openqa.selenium.remote.RemoteWebDriver.findElement(RemoteWebDriver.java:320)
at google.Pages.SignInPage.clickonCreateAnAccount(SignInPage.java:40)
at google.Tests.CreateAccountTest.verifyCreateAnAccountPage(CreateAccountTest.java:32)
at sun.reflect.NativeMethodAccessorImpl.invoke0(Native Method)
at sun.reflect.NativeMethodAccessorImpl.invoke(NativeMethodAccessorImpl.java:62)
at sun.reflect.DelegatingMethodAccessorImpl.invoke(DelegatingMethodAccessorImpl.java:43)
at java.lang.reflect.Method.invoke(Method.java:498)
at org.testng.internal.MethodInvocationHelper.invokeMethod(MethodInvocationHelper.java:132)
at org.testng.internal.TestInvoker.invokeMethod(TestInvoker.java:599)
at org.testng.internal.TestInvoker.invokeTestMethod(TestInvoker.java:174)
at org.testng.internal.MethodRunner.runInSequence(MethodRunner.java:46)
at org.testng.internal.TestInvoker$MethodInvocationAgent.invoke(TestInvoker.java:822)
at org.testng.internal.TestInvoker.invokeTestMethods(TestInvoker.java:147)
at org.testng.internal.TestMethodWorker.invokeTestMethods(TestMethodWorker.java:146)
at org.testng.internal.TestMethodWorker.run(TestMethodWorker.java:128)
at java.util.ArrayList.forEach(ArrayList.java:1257)
at org.testng.TestRunner.privateRun(TestRunner.java:764)
at org.testng.TestRunner.run(TestRunner.java:585)
at org.testng.SuiteRunner.runTest(SuiteRunner.java:384)
at org.testng.SuiteRunner.runSequentially(SuiteRunner.java:378)
at org.testng.SuiteRunner.privateRun(SuiteRunner.java:337)
at org.testng.SuiteRunner.run(SuiteRunner.java:286)
at org.testng.SuiteRunnerWorker.runSuite(SuiteRunnerWorker.java:53)
at org.testng.SuiteRunnerWorker.run(SuiteRunnerWorker.java:96)
at org.testng.TestNG.runSuitesSequentially(TestNG.java:1218)
at org.testng.TestNG.runSuitesLocally(TestNG.java:1140)
at org.testng.TestNG.runSuites(TestNG.java:1069)
at org.testng.TestNG.run(TestNG.java:1037)
at org.testng.remote.AbstractRemoteTestNG.run(AbstractRemoteTestNG.java:115)
at org.testng.remote.RemoteTestNG.initAndRun(RemoteTestNG.java:251)
at org.testng.remote.RemoteTestNG.main(RemoteTestNG.java:77)
]]>
            </full-stacktrace>
          </exception> <!-- org.openqa.selenium.NoSuchElementException -->
          <reporter-output>
          </reporter-output>
        </test-method> <!-- verifyCreateAnAccountPage -->
        <test-method status="PASS" signature="setUp()[pri:0, instance:google.Tests.CreateAccountTest@4232c52b]" name="setUp" is-config="true" duration-ms="0" started-at="2021-06-11T05:36:05 EDT" finished-at="2021-06-11T05:36:05 EDT">
          <reporter-output>
          </reporter-output>
        </test-method> <!-- setUp -->
        <test-method status="PASS" signature="setUp()[pri:0, instance:google.Tests.CreateAccountTest@4232c52b]" name="setUp" is-config="true" duration-ms="1" started-at="2021-06-11T05:36:06 EDT" finished-at="2021-06-11T05:36:06 EDT">
          <reporter-output>
          </reporter-output>
        </test-method> <!-- setUp -->
        <test-method status="PASS" signature="createAccountExample1()[pri:2, instance:google.Tests.CreateAccountTest@4232c52b]" name="createAccountExample1" duration-ms="1" started-at="2021-06-11T05:36:06 EDT" finished-at="2021-06-11T05:36:06 EDT">
          <reporter-output>
          </reporter-output>
        </test-method> <!-- createAccountExample1 -->
        <test-method status="PASS" signature="createAccountExample2()[pri:3, instance:google.Tests.CreateAccountTest@4232c52b]" name="createAccountExample2" duration-ms="1" started-at="2021-06-11T05:36:06 EDT" finished-at="2021-06-11T05:36:06 EDT">
          <reporter-output>
          </reporter-output>
        </test-method> <!-- createAccountExample2 -->
        <test-method status="PASS" signature="setUp()[pri:0, instance:google.Tests.CreateAccountTest@4232c52b]" name="setUp" is-config="true" duration-ms="0" started-at="2021-06-11T05:36:06 EDT" finished-at="2021-06-11T05:36:06 EDT">
          <reporter-output>
          </reporter-output>
        </test-method> <!-- setUp -->
        <test-method status="PASS" signature="tearDown()[pri:0, instance:google.Tests.CreateAccountTest@4232c52b]" name="tearDown" is-config="true" duration-ms="2160" started-at="2021-06-11T05:36:06 EDT" finished-at="2021-06-11T05:36:08 EDT">
          <reporter-output>
          </reporter-output>
        </test-method> <!-- tearDown -->
      </class> <!-- google.Tests.CreateAccountTest -->
    </test> <!-- Admin Tests -->
  </suite> <!-- Suite -->
</testng-results>
